0 info it worked if it ends with ok
1 verbose cli [ '/usr/bin/nodejs', '/usr/bin/npm', 'install', '-g', 'less' ]
2 info using npm@1.3.10
3 info using node@v0.10.25
4 verbose cache add [ 'less', null ]
5 verbose cache add name=undefined spec="less" args=["less",null]
6 verbose parsed url { protocol: null,
6 verbose parsed url   slashes: null,
6 verbose parsed url   auth: null,
6 verbose parsed url   host: null,
6 verbose parsed url   port: null,
6 verbose parsed url   hostname: null,
6 verbose parsed url   hash: null,
6 verbose parsed url   search: null,
6 verbose parsed url   query: null,
6 verbose parsed url   pathname: 'less',
6 verbose parsed url   path: 'less',
6 verbose parsed url   href: 'less' }
7 silly lockFile 0b439cf4-less less
8 verbose lock less /home/ahmed/.npm/0b439cf4-less.lock
9 silly lockFile 0b439cf4-less less
10 silly lockFile 0b439cf4-less less
11 verbose addNamed [ 'less', '' ]
12 verbose addNamed [ null, '*' ]
13 silly lockFile e13833ab-less less@
14 verbose lock less@ /home/ahmed/.npm/e13833ab-less.lock
15 silly addNameRange { name: 'less', range: '*', hasData: false }
16 verbose url raw less
17 verbose url resolving [ 'https://registry.npmjs.org/', './less' ]
18 verbose url resolved https://registry.npmjs.org/less
19 info trying registry request attempt 1 at 15:45:24
20 http GET https://registry.npmjs.org/less
21 http 200 https://registry.npmjs.org/less
22 silly registry.get cb [ 200,
22 silly registry.get   { server: 'CouchDB/1.5.0 (Erlang OTP/R16B03)',
22 silly registry.get     etag: '"9M914DJAV3B90P8YQNXS7W25S"',
22 silly registry.get     'content-type': 'application/json',
22 silly registry.get     'cache-control': 'max-age=300',
22 silly registry.get     'content-length': '104361',
22 silly registry.get     'accept-ranges': 'bytes',
22 silly registry.get     date: 'Mon, 18 Apr 2016 14:45:25 GMT',
22 silly registry.get     via: '1.1 varnish',
22 silly registry.get     age: '74',
22 silly registry.get     connection: 'keep-alive',
22 silly registry.get     'x-served-by': 'cache-ams4123-AMS',
22 silly registry.get     'x-cache': 'HIT',
22 silly registry.get     'x-cache-hits': '2',
22 silly registry.get     'x-timer': 'S1460990725.798065,VS0,VE0',
22 silly registry.get     vary: 'Accept-Encoding' } ]
23 silly addNameRange number 2 { name: 'less', range: '*', hasData: true }
24 silly addNameRange versions [ 'less',
24 silly addNameRange   [ '1.0.10',
24 silly addNameRange     '1.0.11',
24 silly addNameRange     '1.0.14',
24 silly addNameRange     '1.0.18',
24 silly addNameRange     '1.0.19',
24 silly addNameRange     '1.0.21',
24 silly addNameRange     '1.0.32',
24 silly addNameRange     '1.0.36',
24 silly addNameRange     '1.0.5',
24 silly addNameRange     '1.0.40',
24 silly addNameRange     '1.0.41',
24 silly addNameRange     '1.0.44',
24 silly addNameRange     '1.1.0',
24 silly addNameRange     '1.1.1',
24 silly addNameRange     '1.1.2',
24 silly addNameRange     '1.1.4',
24 silly addNameRange     '1.1.5',
24 silly addNameRange     '1.1.6',
24 silly addNameRange     '1.2.0',
24 silly addNameRange     '1.2.1',
24 silly addNameRange     '1.2.2',
24 silly addNameRange     '1.3.0',
24 silly addNameRange     '1.3.1',
24 silly addNameRange     '1.3.2',
24 silly addNameRange     '1.3.3',
24 silly addNameRange     '1.4.0-b1',
24 silly addNameRange     '1.4.0-b2',
24 silly addNameRange     '1.4.0-b3',
24 silly addNameRange     '1.4.0-b4',
24 silly addNameRange     '1.4.0',
24 silly addNameRange     '1.4.1',
24 silly addNameRange     '1.4.2',
24 silly addNameRange     '1.5.0-b1',
24 silly addNameRange     '1.5.0-b2',
24 silly addNameRange     '1.5.0-b3',
24 silly addNameRange     '1.5.0-b4',
24 silly addNameRange     '1.5.0',
24 silly addNameRange     '1.5.1',
24 silly addNameRange     '1.6.0',
24 silly addNameRange     '1.6.1',
24 silly addNameRange     '1.6.2',
24 silly addNameRange     '1.6.3',
24 silly addNameRange     '1.7.0',
24 silly addNameRange     '1.7.1',
24 silly addNameRange     '1.7.3',
24 silly addNameRange     '1.7.4',
24 silly addNameRange     '1.7.5',
24 silly addNameRange     '2.0.0-b1',
24 silly addNameRange     '2.0.0-b2',
24 silly addNameRange     '2.0.0-b3',
24 silly addNameRange     '2.0.0',
24 silly addNameRange     '2.1.0',
24 silly addNameRange     '2.1.1',
24 silly addNameRange     '2.1.2',
24 silly addNameRange     '2.2.0',
24 silly addNameRange     '2.3.0',
24 silly addNameRange     '2.3.1',
24 silly addNameRange     '2.4.0',
24 silly addNameRange     '2.5.0',
24 silly addNameRange     '2.5.1',
24 silly addNameRange     '2.5.2',
24 silly addNameRange     '2.5.3',
24 silly addNameRange     '2.6.0',
24 silly addNameRange     '2.6.1' ] ]
25 verbose addNamed [ 'less', '2.6.1' ]
26 verbose addNamed [ '2.6.1', '2.6.1' ]
27 silly lockFile 06e2534e-less-2-6-1 less@2.6.1
28 verbose lock less@2.6.1 /home/ahmed/.npm/06e2534e-less-2-6-1.lock
29 silly lockFile 5095d0b3-ry-npmjs-org-less-less-2-6-1-tgz https://registry.npmjs.org/less/-/less-2.6.1.tgz
30 verbose lock https://registry.npmjs.org/less/-/less-2.6.1.tgz /home/ahmed/.npm/5095d0b3-ry-npmjs-org-less-less-2-6-1-tgz.lock
31 verbose addRemoteTarball [ 'https://registry.npmjs.org/less/-/less-2.6.1.tgz',
31 verbose addRemoteTarball   '658e01ec9ac3149959c6b6dfbcfbc0a170afda7a' ]
32 silly lockFile 5095d0b3-ry-npmjs-org-less-less-2-6-1-tgz https://registry.npmjs.org/less/-/less-2.6.1.tgz
33 silly lockFile 5095d0b3-ry-npmjs-org-less-less-2-6-1-tgz https://registry.npmjs.org/less/-/less-2.6.1.tgz
34 silly lockFile 06e2534e-less-2-6-1 less@2.6.1
35 silly lockFile 06e2534e-less-2-6-1 less@2.6.1
36 silly lockFile e13833ab-less less@
37 silly lockFile e13833ab-less less@
38 error Error: EACCES, mkdir '/home/ahmed/tmp/npm-9513-oEqw6aOs'
38 error  { [Error: EACCES, mkdir '/home/ahmed/tmp/npm-9513-oEqw6aOs']
38 error   errno: 3,
38 error   code: 'EACCES',
38 error   path: '/home/ahmed/tmp/npm-9513-oEqw6aOs' }
39 error Please try running this command again as root/Administrator.
40 error System Linux 3.16.0-38-generic
41 error command "/usr/bin/nodejs" "/usr/bin/npm" "install" "-g" "less"
42 error cwd /home/ahmed/WebstormProjects/login_pfe
43 error node -v v0.10.25
44 error npm -v 1.3.10
45 error path /home/ahmed/tmp/npm-9513-oEqw6aOs
46 error code EACCES
47 error errno 3
48 error stack Error: EACCES, mkdir '/home/ahmed/tmp/npm-9513-oEqw6aOs'
49 verbose exit [ 3, true ]
